2022-01-08 21:15:09,971:INFO:PyCaret Supervised Module
2022-01-08 21:15:09,971:INFO:ML Usecase: classification
2022-01-08 21:15:09,971:INFO:version 2.2.3
2022-01-08 21:15:09,971:INFO:Initializing setup()
2022-01-08 21:15:09,971:INFO:setup(target=Machine failure, ml_usecase=classification, available_plots={'parameter': 'Hyperparameters', 'auc': 'AUC', 'confusion_matrix': 'Confusion Matrix', 'threshold': 'Threshold', 'pr': 'Precision Recall', 'error': 'Prediction Error', 'class_report': 'Class Report', 'rfe': 'Feature Selection', 'learning': 'Learning Curve', 'manifold': 'Manifold Learning', 'calibration': 'Calibration Curve', 'vc': 'Validation Curve', 'dimension': 'Dimensions', 'feature': 'Feature Importance', 'feature_all': 'Feature Importance (All)', 'boundary': 'Decision Boundary', 'lift': 'Lift Chart', 'gain': 'Gain Chart', 'tree': 'Decision Tree'}, train_size=0.8, test_data=None, preprocess=True, imputation_type=simple, iterative_imputation_iters=5, categorical_features=None, categorical_imputation=constant, categorical_iterative_imputer=lightgbm, ordinal_features=None, high_cardinality_features=None, high_cardinality_method=frequency, numeric_features=None, numeric_imputation=mean, numeric_iterative_imputer=lightgbm, date_features=None, ignore_features=None, normalize=True, normalize_method=zscore, transformation=False, transformation_method=yeo-johnson, handle_unknown_categorical=True, unknown_categorical_method=least_frequent, pca=False, pca_method=linear, pca_components=None, ignore_low_variance=False, combine_rare_levels=False, rare_level_threshold=0.1, bin_numeric_features=None, remove_outliers=False, outliers_threshold=0.05, remove_multicollinearity=False, multicollinearity_threshold=0.9, remove_perfect_collinearity=True, create_clusters=False, cluster_iter=20, polynomial_features=False, polynomial_degree=2, trigonometry_features=False, polynomial_threshold=0.1, group_features=None, group_names=None, feature_selection=False, feature_selection_threshold=0.8, feature_selection_method=classic, feature_interaction=False, feature_ratio=False, interaction_threshold=0.01, fix_imbalance=False, fix_imbalance_method=None, transform_target=False, transform_target_method=box-cox, data_split_shuffle=True, data_split_stratify=False, fold_strategy=stratifiedkfold, fold=10, fold_shuffle=False, fold_groups=None, n_jobs=-1, use_gpu=False, custom_pipeline=None, html=True, session_id=None, log_experiment=False, experiment_name=None, log_plots=False, log_profile=False, log_data=False, silent=False, verbose=True, profile=False, profile_kwargs=None, display=None)
2022-01-08 21:15:09,971:INFO:Checking environment
2022-01-08 21:15:09,971:INFO:python_version: 3.8.11
2022-01-08 21:15:09,971:INFO:python_build: ('default', 'Aug  6 2021 09:57:55')
2022-01-08 21:15:09,971:INFO:machine: AMD64
2022-01-08 21:15:09,980:INFO:platform: Windows-10-10.0.19044-SP0
2022-01-08 21:15:09,980:INFO:Memory: svmem(total=34197659648, available=19299078144, percent=43.6, used=14898581504, free=19299078144)
2022-01-08 21:15:09,980:INFO:Physical Core: 8
2022-01-08 21:15:09,981:INFO:Logical Core: 16
2022-01-08 21:15:09,981:INFO:Checking libraries
2022-01-08 21:15:09,981:INFO:pd==1.3.2
2022-01-08 21:15:09,981:INFO:numpy==1.19.5
2022-01-08 21:15:09,981:INFO:sklearn==0.23.2
2022-01-08 21:15:10,120:INFO:xgboost==1.5.0
2022-01-08 21:15:10,120:INFO:lightgbm==3.3.2
2022-01-08 21:15:10,134:INFO:catboost==1.0.3
2022-01-08 21:15:10,725:INFO:mlflow==1.7.0
2022-01-08 21:15:10,725:INFO:Checking Exceptions
2022-01-08 21:15:10,725:INFO:Declaring global variables
2022-01-08 21:15:10,725:INFO:USI: 5c2b
2022-01-08 21:15:10,725:INFO:pycaret_globals: {'pycaret_globals', 'imputation_regressor', 'y_test', 'master_model_container', 'X_test', 'fold_groups_param', 'stratify_param', 'USI', 'gpu_param', 'y_train', 'X_train', 'log_plots_param', 'X', 'html_param', 'seed', 'n_jobs_param', 'fold_generator', '_all_models', 'exp_name_log', 'display_container', 'transform_target_method_param', 'imputation_classifier', '_available_plots', 'fold_shuffle_param', 'transform_target_param', 'experiment__', 'fix_imbalance_method_param', 'target_param', 'logging_param', 'data_before_preprocess', '_all_models_internal', '_gpu_n_jobs_param', 'y', '_internal_pipeline', 'prep_pipe', 'fix_imbalance_param', 'create_model_container', 'fold_param', 'iterative_imputation_iters_param', '_ml_usecase', '_all_metrics'}
2022-01-08 21:15:10,725:INFO:Preparing display monitor
2022-01-08 21:15:10,725:INFO:Preparing display monitor
2022-01-08 21:15:10,730:INFO:Importing libraries
2022-01-08 21:15:10,730:INFO:Copying data for preprocessing
2022-01-08 21:15:10,732:INFO:Declaring preprocessing parameters
2022-01-08 21:15:10,733:INFO:Creating preprocessing pipeline
2022-01-08 21:15:10,742:INFO:Preprocessing pipeline created successfully
2022-01-08 21:15:10,742:ERROR:(Process Exit): setup has been interupted with user command 'quit'. setup must rerun.
2022-01-08 21:15:10,742:INFO:Creating global containers
2022-01-08 21:15:10,743:INFO:Internal pipeline: Pipeline(memory=None, steps=[('empty_step', 'passthrough')], verbose=False)
2022-01-08 21:27:54,543:INFO:PyCaret Supervised Module
2022-01-08 21:27:54,544:INFO:ML Usecase: classification
2022-01-08 21:27:54,544:INFO:version 2.2.3
2022-01-08 21:27:54,544:INFO:Initializing setup()
2022-01-08 21:27:54,544:INFO:setup(target=Machine failure, ml_usecase=classification, available_plots={'parameter': 'Hyperparameters', 'auc': 'AUC', 'confusion_matrix': 'Confusion Matrix', 'threshold': 'Threshold', 'pr': 'Precision Recall', 'error': 'Prediction Error', 'class_report': 'Class Report', 'rfe': 'Feature Selection', 'learning': 'Learning Curve', 'manifold': 'Manifold Learning', 'calibration': 'Calibration Curve', 'vc': 'Validation Curve', 'dimension': 'Dimensions', 'feature': 'Feature Importance', 'feature_all': 'Feature Importance (All)', 'boundary': 'Decision Boundary', 'lift': 'Lift Chart', 'gain': 'Gain Chart', 'tree': 'Decision Tree'}, train_size=0.8, test_data=None, preprocess=True, imputation_type=simple, iterative_imputation_iters=5, categorical_features=None, categorical_imputation=constant, categorical_iterative_imputer=lightgbm, ordinal_features=None, high_cardinality_features=None, high_cardinality_method=frequency, numeric_features=None, numeric_imputation=mean, numeric_iterative_imputer=lightgbm, date_features=None, ignore_features=None, normalize=True, normalize_method=zscore, transformation=False, transformation_method=yeo-johnson, handle_unknown_categorical=True, unknown_categorical_method=least_frequent, pca=False, pca_method=linear, pca_components=None, ignore_low_variance=False, combine_rare_levels=False, rare_level_threshold=0.1, bin_numeric_features=None, remove_outliers=False, outliers_threshold=0.05, remove_multicollinearity=False, multicollinearity_threshold=0.9, remove_perfect_collinearity=True, create_clusters=False, cluster_iter=20, polynomial_features=False, polynomial_degree=2, trigonometry_features=False, polynomial_threshold=0.1, group_features=None, group_names=None, feature_selection=False, feature_selection_threshold=0.8, feature_selection_method=classic, feature_interaction=False, feature_ratio=False, interaction_threshold=0.01, fix_imbalance=False, fix_imbalance_method=None, transform_target=False, transform_target_method=box-cox, data_split_shuffle=True, data_split_stratify=False, fold_strategy=stratifiedkfold, fold=10, fold_shuffle=False, fold_groups=None, n_jobs=-1, use_gpu=False, custom_pipeline=None, html=True, session_id=None, log_experiment=False, experiment_name=None, log_plots=False, log_profile=False, log_data=False, silent=False, verbose=True, profile=False, profile_kwargs=None, display=None)
2022-01-08 21:27:54,544:INFO:Checking environment
2022-01-08 21:27:54,544:INFO:python_version: 3.8.11
2022-01-08 21:27:54,544:INFO:python_build: ('default', 'Aug  6 2021 09:57:55')
2022-01-08 21:27:54,544:INFO:machine: AMD64
2022-01-08 21:27:54,553:INFO:platform: Windows-10-10.0.19044-SP0
2022-01-08 21:27:54,553:INFO:Memory: svmem(total=34197659648, available=19276341248, percent=43.6, used=14921318400, free=19276341248)
2022-01-08 21:27:54,553:INFO:Physical Core: 8
2022-01-08 21:27:54,553:INFO:Logical Core: 16
2022-01-08 21:27:54,553:INFO:Checking libraries
2022-01-08 21:27:54,553:INFO:pd==1.3.2
2022-01-08 21:27:54,553:INFO:numpy==1.19.5
2022-01-08 21:27:54,553:INFO:sklearn==0.23.2
2022-01-08 21:27:54,571:INFO:xgboost==1.5.0
2022-01-08 21:27:54,571:INFO:lightgbm==3.3.2
2022-01-08 21:27:54,584:INFO:catboost==1.0.3
2022-01-08 21:27:55,137:INFO:mlflow==1.7.0
2022-01-08 21:27:55,138:INFO:Checking Exceptions
2022-01-08 21:27:55,138:INFO:Declaring global variables
2022-01-08 21:27:55,138:INFO:USI: a034
2022-01-08 21:27:55,138:INFO:pycaret_globals: {'USI', 'target_param', 'X_test', 'master_model_container', 'data_before_preprocess', 'fold_param', '_all_metrics', 'imputation_classifier', '_gpu_n_jobs_param', '_internal_pipeline', 'fold_groups_param', '_all_models', 'create_model_container', 'logging_param', 'X_train', 'fold_generator', 'log_plots_param', 'exp_name_log', 'y', 'gpu_param', '_all_models_internal', '_ml_usecase', 'transform_target_param', 'y_train', 'pycaret_globals', 'stratify_param', 'transform_target_method_param', 'X', 'iterative_imputation_iters_param', '_available_plots', 'fix_imbalance_method_param', 'seed', 'fold_shuffle_param', 'n_jobs_param', 'imputation_regressor', 'display_container', 'y_test', 'experiment__', 'html_param', 'prep_pipe', 'fix_imbalance_param'}
2022-01-08 21:27:55,138:INFO:Preparing display monitor
2022-01-08 21:27:55,138:INFO:Preparing display monitor
2022-01-08 21:27:55,143:INFO:Importing libraries
2022-01-08 21:27:55,143:INFO:Copying data for preprocessing
2022-01-08 21:27:55,145:INFO:Declaring preprocessing parameters
2022-01-08 21:27:55,146:INFO:Creating preprocessing pipeline
2022-01-08 21:27:55,154:INFO:Preprocessing pipeline created successfully
2022-01-08 21:27:55,154:ERROR:(Process Exit): setup has been interupted with user command 'quit'. setup must rerun.
2022-01-08 21:27:55,154:INFO:Creating global containers
2022-01-08 21:27:55,155:INFO:Internal pipeline: Pipeline(memory=None, steps=[('empty_step', 'passthrough')], verbose=False)
